{
"contracts/contract_starter.sol":{"l":{"47":1,"48":1,"49":1,"52":0,"53":0,"55":1,"56":0,"57":0,"58":0,"59":0,"60":0,"67":0,"68":0,"69":0,"70":0,"71":0,"72":0,"73":0,"74":0,"75":0,"76":0,"77":0,"78":0,"84":0,"85":0,"95":2,"96":2,"97":0,"100":0,"102":2,"103":2,"111":0,"112":0,"113":0,"114":0,"115":0,"122":0,"123":0,"124":0,"125":0,"126":0,"136":0,"137":0,"138":0,"139":0,"140":0,"143":0,"149":0,"150":0,"151":0,"152":0,"153":0,"160":0,"161":0,"168":0,"169":0,"170":0,"171":0,"172":0,"179":1,"183":1,"187":1,"191":1,"195":1,"202":0,"203":0,"207":0,"217":2,"218":2,"220":2,"221":2,"223":2,"226":0,"228":0,"230":0,"232":0,"233":0,"234":0,"235":0,"236":0,"237":0,"239":0,"240":0,"243":2},"path":"/Users/pc/Documents/FIIT/DMBLOCK/zadanie_2/Zadanie 2/kody/contracts/contract_starter.sol","s":{"1":1,"2":1,"3":1,"4":0,"5":0,"6":1,"7":0,"8":0,"9":0,"10":0,"11":0,"12":0,"13":0,"14":0,"15":0,"16":0,"17":0,"18":0,"19":0,"20":0,"21":0,"22":0,"23":0,"24":0,"25":0,"26":2,"27":2,"28":0,"29":2,"30":0,"31":2,"32":2,"33":0,"34":0,"35":0,"36":0,"37":0,"38":0,"39":0,"40":0,"41":0,"42":0,"43":0,"44":0,"45":0,"46":0,"47":0,"48":0,"49":0,"50":0,"51":0,"52":0,"53":0,"54":0,"55":0,"56":0,"57":0,"58":0,"59":0,"60":0,"61":1,"62":1,"63":1,"64":1,"65":1,"66":0,"67":0,"68":2,"69":2,"70":2,"71":2,"72":2,"73":0,"74":0,"75":0,"76":0,"77":0,"78":0,"79":0,"80":0,"81":2},"b":{"1":[1,0],"2":[0,1],"3":[0,0],"4":[0,0],"5":[0,0],"6":[0,0],"7":[0,0],"8":[0,2],"9":[0,2],"10":[0,0],"11":[0,0],"12":[0,0],"13":[0,0],"14":[0,0],"15":[0,0],"16":[0,0],"17":[0,0],"18":[0,0],"19":[0,0],"20":[0,0],"21":[0,0],"22":[0,0]},"f":{"1":1,"2":0,"3":0,"4":2,"5":0,"6":0,"7":0,"8":0,"9":0,"10":0,"11":1,"12":1,"13":1,"14":1,"15":1,"16":0,"17":2},"fnMap":{"1":{"name":"store_bid","line":46,"loc":{"start":{"line":46,"column":4},"end":{"line":63,"column":4}}},"2":{"name":"clear_state","line":66,"loc":{"start":{"line":66,"column":4},"end":{"line":79,"column":4}}},"3":{"name":"store_board_commitment","line":83,"loc":{"start":{"line":83,"column":4},"end":{"line":86,"column":4}}},"4":{"name":"check_one_ship","line":93,"loc":{"start":{"line":93,"column":4},"end":{"line":104,"column":4}}},"5":{"name":"claim_win","line":110,"loc":{"start":{"line":110,"column":4},"end":{"line":116,"column":4}}},"6":{"name":"forfeit","line":121,"loc":{"start":{"line":121,"column":4},"end":{"line":127,"column":4}}},"7":{"name":"accuse_cheating","line":134,"loc":{"start":{"line":134,"column":4},"end":{"line":144,"column":4}}},"8":{"name":"claim_opponent_left","line":148,"loc":{"start":{"line":148,"column":4},"end":{"line":154,"column":4}}},"9":{"name":"handle_timeout","line":159,"loc":{"start":{"line":159,"column":4},"end":{"line":162,"column":4}}},"10":{"name":"claim_timeout_winnings","line":167,"loc":{"start":{"line":167,"column":4},"end":{"line":173,"column":4}}},"11":{"name":"is_game_over","line":178,"loc":{"start":{"line":178,"column":4},"end":{"line":180,"column":4}}},"12":{"name":"get_players","line":182,"loc":{"start":{"line":182,"column":4},"end":{"line":184,"column":4}}},"13":{"name":"get_checked_ship","line":186,"loc":{"start":{"line":186,"column":4},"end":{"line":188,"column":4}}},"14":{"name":"get_ships_count","line":190,"loc":{"start":{"line":190,"column":4},"end":{"line":192,"column":4}}},"15":{"name":"get_player_bid","line":194,"loc":{"start":{"line":194,"column":4},"end":{"line":196,"column":4}}},"16":{"name":"merge_bytes32","line":201,"loc":{"start":{"line":201,"column":4},"end":{"line":208,"column":4}}},"17":{"name":"verify_opening","line":216,"loc":{"start":{"line":216,"column":4},"end":{"line":245,"column":4}}}},"statementMap":{"1":{"start":{"line":47,"column":8},"end":{"line":47,"column":1696}},"2":{"start":{"line":48,"column":12},"end":{"line":48,"column":31}},"3":{"start":{"line":49,"column":12},"end":{"line":49,"column":43}},"4":{"start":{"line":52,"column":12},"end":{"line":52,"column":31}},"5":{"start":{"line":53,"column":12},"end":{"line":53,"column":43}},"6":{"start":{"line":55,"column":8},"end":{"line":55,"column":1926}},"7":{"start":{"line":56,"column":12},"end":{"line":56,"column":98}},"8":{"start":{"line":57,"column":12},"end":{"line":57,"column":74}},"9":{"start":{"line":58,"column":12},"end":{"line":58,"column":2171}},"10":{"start":{"line":59,"column":16},"end":{"line":59,"column":99}},"11":{"start":{"line":60,"column":16},"end":{"line":60,"column":52}},"12":{"start":{"line":67,"column":8},"end":{"line":67,"column":52}},"13":{"start":{"line":68,"column":8},"end":{"line":68,"column":31}},"14":{"start":{"line":69,"column":8},"end":{"line":69,"column":31}},"15":{"start":{"line":70,"column":8},"end":{"line":70,"column":30}},"16":{"start":{"line":71,"column":8},"end":{"line":71,"column":30}},"17":{"start":{"line":72,"column":8},"end":{"line":72,"column":31}},"18":{"start":{"line":73,"column":8},"end":{"line":73,"column":31}},"19":{"start":{"line":74,"column":8},"end":{"line":74,"column":36}},"20":{"start":{"line":75,"column":8},"end":{"line":75,"column":36}},"21":{"start":{"line":76,"column":8},"end":{"line":76,"column":27}},"22":{"start":{"line":77,"column":8},"end":{"line":77,"column":27}},"23":{"start":{"line":78,"column":8},"end":{"line":78,"column":23}},"24":{"start":{"line":84,"column":8},"end":{"line":84,"column":82}},"25":{"start":{"line":85,"column":8},"end":{"line":85,"column":49}},"26":{"start":{"line":95,"column":8},"end":{"line":95,"column":102}},"27":{"start":{"line":96,"column":8},"end":{"line":96,"column":3937}},"28":{"start":{"line":97,"column":12},"end":{"line":97,"column":39}},"29":{"start":{"line":99,"column":13},"end":{"line":99,"column":4037}},"30":{"start":{"line":100,"column":12},"end":{"line":100,"column":38}},"31":{"start":{"line":102,"column":8},"end":{"line":102,"column":28}},"32":{"start":{"line":103,"column":8},"end":{"line":103,"column":21}},"33":{"start":{"line":111,"column":8},"end":{"line":111,"column":113}},"34":{"start":{"line":112,"column":8},"end":{"line":112,"column":94}},"35":{"start":{"line":113,"column":8},"end":{"line":113,"column":44}},"36":{"start":{"line":114,"column":8},"end":{"line":114,"column":22}},"37":{"start":{"line":115,"column":8},"end":{"line":115,"column":20}},"38":{"start":{"line":122,"column":8},"end":{"line":122,"column":131}},"39":{"start":{"line":123,"column":8},"end":{"line":123,"column":92}},"40":{"start":{"line":124,"column":8},"end":{"line":124,"column":44}},"41":{"start":{"line":125,"column":8},"end":{"line":125,"column":22}},"42":{"start":{"line":126,"column":8},"end":{"line":126,"column":20}},"43":{"start":{"line":136,"column":8},"end":{"line":136,"column":106}},"44":{"start":{"line":137,"column":8},"end":{"line":137,"column":95}},"45":{"start":{"line":138,"column":8},"end":{"line":138,"column":6151}},"46":{"start":{"line":139,"column":12},"end":{"line":139,"column":98}},"47":{"start":{"line":140,"column":12},"end":{"line":140,"column":48}},"48":{"start":{"line":143,"column":8},"end":{"line":143,"column":21}},"49":{"start":{"line":149,"column":8},"end":{"line":149,"column":174}},"50":{"start":{"line":150,"column":8},"end":{"line":150,"column":23}},"51":{"start":{"line":151,"column":8},"end":{"line":151,"column":33}},"52":{"start":{"line":152,"column":8},"end":{"line":152,"column":34}},"53":{"start":{"line":153,"column":8},"end":{"line":153,"column":35}},"54":{"start":{"line":160,"column":8},"end":{"line":160,"column":121}},"55":{"start":{"line":161,"column":8},"end":{"line":161,"column":37}},"56":{"start":{"line":168,"column":8},"end":{"line":168,"column":80}},"57":{"start":{"line":169,"column":8},"end":{"line":169,"column":94}},"58":{"start":{"line":170,"column":8},"end":{"line":170,"column":44}},"59":{"start":{"line":171,"column":8},"end":{"line":171,"column":22}},"60":{"start":{"line":172,"column":8},"end":{"line":172,"column":20}},"61":{"start":{"line":179,"column":8},"end":{"line":179,"column":23}},"62":{"start":{"line":183,"column":8},"end":{"line":183,"column":33}},"63":{"start":{"line":187,"column":8},"end":{"line":187,"column":27}},"64":{"start":{"line":191,"column":8},"end":{"line":191,"column":38}},"65":{"start":{"line":195,"column":8},"end":{"line":195,"column":38}},"66":{"start":{"line":202,"column":8},"end":{"line":202,"column":43}},"67":{"start":{"line":207,"column":8},"end":{"line":207,"column":21}},"68":{"start":{"line":217,"column":8},"end":{"line":217,"column":54}},"69":{"start":{"line":218,"column":8},"end":{"line":218,"column":47}},"70":{"start":{"line":220,"column":8},"end":{"line":220,"column":33}},"71":{"start":{"line":221,"column":8},"end":{"line":221,"column":18}},"72":{"start":{"line":223,"column":8},"end":{"line":223,"column":9767}},"73":{"start":{"line":226,"column":12},"end":{"line":226,"column":68}},"74":{"start":{"line":228,"column":12},"end":{"line":228,"column":62}},"75":{"start":{"line":230,"column":12},"end":{"line":230,"column":85}},"76":{"start":{"line":232,"column":12},"end":{"line":232,"column":95}},"77":{"start":{"line":234,"column":12},"end":{"line":234,"column":50}},"78":{"start":{"line":235,"column":12},"end":{"line":235,"column":10527}},"79":{"start":{"line":236,"column":16},"end":{"line":236,"column":91}},"80":{"start":{"line":239,"column":16},"end":{"line":239,"column":91}},"81":{"start":{"line":243,"column":8},"end":{"line":243,"column":38}}},"branchMap":{"1":{"line":47,"type":"if","locations":[{"start":{"line":47,"column":8},"end":{"line":47,"column":8}},{"start":{"line":47,"column":8},"end":{"line":47,"column":8}}]},"2":{"line":55,"type":"if","locations":[{"start":{"line":55,"column":8},"end":{"line":55,"column":8}},{"start":{"line":55,"column":8},"end":{"line":55,"column":8}}]},"3":{"line":56,"type":"if","locations":[{"start":{"line":56,"column":12},"end":{"line":56,"column":12}},{"start":{"line":56,"column":12},"end":{"line":56,"column":12}}]},"4":{"line":58,"type":"if","locations":[{"start":{"line":58,"column":12},"end":{"line":58,"column":12}},{"start":{"line":58,"column":12},"end":{"line":58,"column":12}}]},"5":{"line":60,"type":"if","locations":[{"start":{"line":60,"column":16},"end":{"line":60,"column":16}},{"start":{"line":60,"column":16},"end":{"line":60,"column":16}}]},"6":{"line":67,"type":"if","locations":[{"start":{"line":67,"column":8},"end":{"line":67,"column":8}},{"start":{"line":67,"column":8},"end":{"line":67,"column":8}}]},"7":{"line":84,"type":"if","locations":[{"start":{"line":84,"column":8},"end":{"line":84,"column":8}},{"start":{"line":84,"column":8},"end":{"line":84,"column":8}}]},"8":{"line":96,"type":"if","locations":[{"start":{"line":96,"column":8},"end":{"line":96,"column":8}},{"start":{"line":96,"column":8},"end":{"line":96,"column":8}}]},"9":{"line":99,"type":"if","locations":[{"start":{"line":99,"column":13},"end":{"line":99,"column":13}},{"start":{"line":99,"column":13},"end":{"line":99,"column":13}}]},"10":{"line":111,"type":"if","locations":[{"start":{"line":111,"column":8},"end":{"line":111,"column":8}},{"start":{"line":111,"column":8},"end":{"line":111,"column":8}}]},"11":{"line":113,"type":"if","locations":[{"start":{"line":113,"column":8},"end":{"line":113,"column":8}},{"start":{"line":113,"column":8},"end":{"line":113,"column":8}}]},"12":{"line":122,"type":"if","locations":[{"start":{"line":122,"column":8},"end":{"line":122,"column":8}},{"start":{"line":122,"column":8},"end":{"line":122,"column":8}}]},"13":{"line":124,"type":"if","locations":[{"start":{"line":124,"column":8},"end":{"line":124,"column":8}},{"start":{"line":124,"column":8},"end":{"line":124,"column":8}}]},"14":{"line":136,"type":"if","locations":[{"start":{"line":136,"column":8},"end":{"line":136,"column":8}},{"start":{"line":136,"column":8},"end":{"line":136,"column":8}}]},"15":{"line":138,"type":"if","locations":[{"start":{"line":138,"column":8},"end":{"line":138,"column":8}},{"start":{"line":138,"column":8},"end":{"line":138,"column":8}}]},"16":{"line":140,"type":"if","locations":[{"start":{"line":140,"column":12},"end":{"line":140,"column":12}},{"start":{"line":140,"column":12},"end":{"line":140,"column":12}}]},"17":{"line":149,"type":"if","locations":[{"start":{"line":149,"column":8},"end":{"line":149,"column":8}},{"start":{"line":149,"column":8},"end":{"line":149,"column":8}}]},"18":{"line":160,"type":"if","locations":[{"start":{"line":160,"column":8},"end":{"line":160,"column":8}},{"start":{"line":160,"column":8},"end":{"line":160,"column":8}}]},"19":{"line":168,"type":"if","locations":[{"start":{"line":168,"column":8},"end":{"line":168,"column":8}},{"start":{"line":168,"column":8},"end":{"line":168,"column":8}}]},"20":{"line":170,"type":"if","locations":[{"start":{"line":170,"column":8},"end":{"line":170,"column":8}},{"start":{"line":170,"column":8},"end":{"line":170,"column":8}}]},"21":{"line":234,"type":"if","locations":[{"start":{"line":234,"column":12},"end":{"line":234,"column":12}},{"start":{"line":234,"column":12},"end":{"line":234,"column":12}}]},"22":{"line":235,"type":"if","locations":[{"start":{"line":235,"column":12},"end":{"line":235,"column":12}},{"start":{"line":235,"column":12},"end":{"line":235,"column":12}}]}}}}
