TN:
SF:/Users/pc/Documents/FIIT/DMBLOCK/zadanie_2/Zadanie 2/kody/contracts/contract_starter.sol
FN:46,store_bid
FN:66,clear_state
FN:83,store_board_commitment
FN:93,check_one_ship
FN:110,claim_win
FN:121,forfeit
FN:134,accuse_cheating
FN:148,claim_opponent_left
FN:159,handle_timeout
FN:167,claim_timeout_winnings
FN:178,is_game_over
FN:182,get_players
FN:186,get_checked_ship
FN:190,get_ships_count
FN:194,get_player_bid
FN:201,merge_bytes32
FN:216,verify_opening
FNF:17
FNH:8
FNDA:1,store_bid
FNDA:0,clear_state
FNDA:0,store_board_commitment
FNDA:2,check_one_ship
FNDA:0,claim_win
FNDA:0,forfeit
FNDA:0,accuse_cheating
FNDA:0,claim_opponent_left
FNDA:0,handle_timeout
FNDA:0,claim_timeout_winnings
FNDA:1,is_game_over
FNDA:1,get_players
FNDA:1,get_checked_ship
FNDA:1,get_ships_count
FNDA:1,get_player_bid
FNDA:0,merge_bytes32
FNDA:2,verify_opening
DA:47,1
DA:48,1
DA:49,1
DA:52,0
DA:53,0
DA:55,1
DA:56,0
DA:57,0
DA:58,0
DA:59,0
DA:60,0
DA:67,0
DA:68,0
DA:69,0
DA:70,0
DA:71,0
DA:72,0
DA:73,0
DA:74,0
DA:75,0
DA:76,0
DA:77,0
DA:78,0
DA:84,0
DA:85,0
DA:95,2
DA:96,2
DA:97,0
DA:100,0
DA:102,2
DA:103,2
DA:111,0
DA:112,0
DA:113,0
DA:114,0
DA:115,0
DA:122,0
DA:123,0
DA:124,0
DA:125,0
DA:126,0
DA:136,0
DA:137,0
DA:138,0
DA:139,0
DA:140,0
DA:143,0
DA:149,0
DA:150,0
DA:151,0
DA:152,0
DA:153,0
DA:160,0
DA:161,0
DA:168,0
DA:169,0
DA:170,0
DA:171,0
DA:172,0
DA:179,1
DA:183,1
DA:187,1
DA:191,1
DA:195,1
DA:202,0
DA:203,0
DA:207,0
DA:217,2
DA:218,2
DA:220,2
DA:221,2
DA:223,2
DA:226,0
DA:228,0
DA:230,0
DA:232,0
DA:233,0
DA:234,0
DA:235,0
DA:236,0
DA:237,0
DA:239,0
DA:240,0
DA:243,2
LF:84
LH:19
BRDA:47,1,0,1
BRDA:47,1,1,0
BRDA:55,2,0,0
BRDA:55,2,1,1
BRDA:56,3,0,0
BRDA:56,3,1,0
BRDA:58,4,0,0
BRDA:58,4,1,0
BRDA:60,5,0,0
BRDA:60,5,1,0
BRDA:67,6,0,0
BRDA:67,6,1,0
BRDA:84,7,0,0
BRDA:84,7,1,0
BRDA:96,8,0,0
BRDA:96,8,1,2
BRDA:99,9,0,0
BRDA:99,9,1,2
BRDA:111,10,0,0
BRDA:111,10,1,0
BRDA:113,11,0,0
BRDA:113,11,1,0
BRDA:122,12,0,0
BRDA:122,12,1,0
BRDA:124,13,0,0
BRDA:124,13,1,0
BRDA:136,14,0,0
BRDA:136,14,1,0
BRDA:138,15,0,0
BRDA:138,15,1,0
BRDA:140,16,0,0
BRDA:140,16,1,0
BRDA:149,17,0,0
BRDA:149,17,1,0
BRDA:160,18,0,0
BRDA:160,18,1,0
BRDA:168,19,0,0
BRDA:168,19,1,0
BRDA:170,20,0,0
BRDA:170,20,1,0
BRDA:234,21,0,0
BRDA:234,21,1,0
BRDA:235,22,0,0
BRDA:235,22,1,0
BRF:44
BRH:4
end_of_record
